# This is the CMakeCache file.
# For build in directory: /Users/krishna/src/coding_challenges/cc1/wc/build/dev-darwin
# It was generated by CMake: /usr/local/Cellar/cmake/3.30.2/bin/cmake
# You can edit this file to change values found and used by cmake.
# If you do not want to change any of the values, simply exit the editor.
# If you do want to change a value, simply edit, save, and exit the editor.
# The syntax for the file is as follows:
# KEY:TYPE=VALUE
# KEY is the name of a variable in the cache.
# TYPE is a hint to GUIs for the type of VALUE, DO NOT EDIT TYPE!.
# VALUE is the current value for the KEY.

########################
# EXTERNAL cache entries
########################

//Build documentation using Doxygen and m.css
BUILD_MCSS_DOCS:BOOL=ON

//Build the testing tree.
BUILD_TESTING:BOOL=ON

//The directory containing a CMake configuration file for Boost.
Boost_DIR:PATH=/usr/local/lib/cmake/Boost-1.85.0

//Path to a program.
CMAKE_ADDR2LINE:FILEPATH=CMAKE_ADDR2LINE-NOTFOUND

//Path to a program.
CMAKE_AR:FILEPATH=/Applications/Xcode.app/Contents/Developer/Toolchains/XcodeDefault.xctoolchain/usr/bin/ar

//Choose the type of build, options are: None Debug Release RelWithDebInfo
// MinSizeRel ...
CMAKE_BUILD_TYPE:STRING=

//CXX compiler
CMAKE_CXX_COMPILER:FILEPATH=/Applications/Xcode.app/Contents/Developer/Toolchains/XcodeDefault.xctoolchain/usr/bin/c++

//No help, variable specified on the command line.
CMAKE_CXX_EXTENSIONS:UNINITIALIZED=OFF

//Flags used by the CXX compiler during all build types.
CMAKE_CXX_FLAGS:STRING=-fstack-protector-strong -Wall -Wextra -Wpedantic -Wconversion -Wsign-conversion -Wcast-qual -Wformat=2 -Wundef -Werror=float-equal -Wshadow -Wcast-align -Wunused -Wnull-dereference -Wdouble-promotion -Wimplicit-fallthrough -Wextra-semi -Woverloaded-virtual -Wnon-virtual-dtor -Wold-style-cast

//Flags used by the CXX compiler during DEBUG builds.
CMAKE_CXX_FLAGS_DEBUG:STRING=-g

//Flags used by the CXX compiler during MINSIZEREL builds.
CMAKE_CXX_FLAGS_MINSIZEREL:STRING=-Os -DNDEBUG

//Flags used by the CXX compiler during RELEASE builds.
CMAKE_CXX_FLAGS_RELEASE:STRING=-O3 -DNDEBUG

//Flags used by the CXX compiler during RELWITHDEBINFO builds.
CMAKE_CXX_FLAGS_RELWITHDEBINFO:STRING=-O2 -g -DNDEBUG

//No help, variable specified on the command line.
CMAKE_CXX_STANDARD:UNINITIALIZED=23

//No help, variable specified on the command line.
CMAKE_CXX_STANDARD_REQUIRED:UNINITIALIZED=ON

//Path to a program.
CMAKE_DLLTOOL:FILEPATH=CMAKE_DLLTOOL-NOTFOUND

//Flags used by the linker during all build types.
CMAKE_EXE_LINKER_FLAGS:STRING=

//Flags used by the linker during DEBUG builds.
CMAKE_EXE_LINKER_FLAGS_DEBUG:STRING=

//Flags used by the linker during MINSIZEREL builds.
CMAKE_EXE_LINKER_FLAGS_MINSIZEREL:STRING=

//Flags used by the linker during RELEASE builds.
CMAKE_EXE_LINKER_FLAGS_RELEASE:STRING=

//Flags used by the linker during RELWITHDEBINFO builds.
CMAKE_EXE_LINKER_FLAGS_RELWITHDEBINFO:STRING=

//Enable/Disable output of compile commands during generation.
CMAKE_EXPORT_COMPILE_COMMANDS:BOOL=

//Value Computed by CMake.
CMAKE_FIND_PACKAGE_REDIRECTS_DIR:STATIC=/Users/krishna/src/coding_challenges/cc1/wc/build/dev-darwin/CMakeFiles/pkgRedirects

//Path to a program.
CMAKE_INSTALL_NAME_TOOL:FILEPATH=/usr/bin/install_name_tool

//Install path prefix, prepended onto install directories.
CMAKE_INSTALL_PREFIX:PATH=/usr/local

//Path to a program.
CMAKE_LINKER:FILEPATH=/Applications/Xcode.app/Contents/Developer/Toolchains/XcodeDefault.xctoolchain/usr/bin/ld

//Program used to build from build.ninja files.
CMAKE_MAKE_PROGRAM:FILEPATH=/usr/local/bin/ninja

//Flags used by the linker during the creation of modules during
// all build types.
CMAKE_MODULE_LINKER_FLAGS:STRING=

//Flags used by the linker during the creation of modules during
// DEBUG builds.
CMAKE_MODULE_LINKER_FLAGS_DEBUG:STRING=

//Flags used by the linker during the creation of modules during
// MINSIZEREL builds.
CMAKE_MODULE_LINKER_FLAGS_MINSIZEREL:STRING=

//Flags used by the linker during the creation of modules during
// RELEASE builds.
CMAKE_MODULE_LINKER_FLAGS_RELEASE:STRING=

//Flags used by the linker during the creation of modules during
// RELWITHDEBINFO builds.
CMAKE_MODULE_LINKER_FLAGS_RELWITHDEBINFO:STRING=

//Path to a program.
CMAKE_NM:FILEPATH=/Applications/Xcode.app/Contents/Developer/Toolchains/XcodeDefault.xctoolchain/usr/bin/nm

//Path to a program.
CMAKE_OBJCOPY:FILEPATH=CMAKE_OBJCOPY-NOTFOUND

//Path to a program.
CMAKE_OBJDUMP:FILEPATH=/Applications/Xcode.app/Contents/Developer/Toolchains/XcodeDefault.xctoolchain/usr/bin/objdump

//Build architectures for OSX
CMAKE_OSX_ARCHITECTURES:STRING=

//Minimum OS X version to target for deployment (at runtime); newer
// APIs weak linked. Set to empty string for default value.
CMAKE_OSX_DEPLOYMENT_TARGET:STRING=

//The product will be built against the headers and libraries located
// inside the indicated SDK.
CMAKE_OSX_SYSROOT:PATH=/Applications/Xcode.app/Contents/Developer/Platforms/MacOSX.platform/Developer/SDKs/MacOSX14.5.sdk

//Value Computed by CMake
CMAKE_PROJECT_DESCRIPTION:STATIC=Short description

//Value Computed by CMake
CMAKE_PROJECT_HOMEPAGE_URL:STATIC=''

//Value Computed by CMake
CMAKE_PROJECT_NAME:STATIC=wc

//Value Computed by CMake
CMAKE_PROJECT_VERSION:STATIC=0.1.0

//Value Computed by CMake
CMAKE_PROJECT_VERSION_MAJOR:STATIC=0

//Value Computed by CMake
CMAKE_PROJECT_VERSION_MINOR:STATIC=1

//Value Computed by CMake
CMAKE_PROJECT_VERSION_PATCH:STATIC=0

//Value Computed by CMake
CMAKE_PROJECT_VERSION_TWEAK:STATIC=

//Path to a program.
CMAKE_RANLIB:FILEPATH=/Applications/Xcode.app/Contents/Developer/Toolchains/XcodeDefault.xctoolchain/usr/bin/ranlib

//Path to a program.
CMAKE_READELF:FILEPATH=CMAKE_READELF-NOTFOUND

//Flags used by the linker during the creation of shared libraries
// during all build types.
CMAKE_SHARED_LINKER_FLAGS:STRING=

//Flags used by the linker during the creation of shared libraries
// during DEBUG builds.
CMAKE_SHARED_LINKER_FLAGS_DEBUG:STRING=

//Flags used by the linker during the creation of shared libraries
// during MINSIZEREL builds.
CMAKE_SHARED_LINKER_FLAGS_MINSIZEREL:STRING=

//Flags used by the linker during the creation of shared libraries
// during RELEASE builds.
CMAKE_SHARED_LINKER_FLAGS_RELEASE:STRING=

//Flags used by the linker during the creation of shared libraries
// during RELWITHDEBINFO builds.
CMAKE_SHARED_LINKER_FLAGS_RELWITHDEBINFO:STRING=

//If set, runtime paths are not added when installing shared libraries,
// but are added when building.
CMAKE_SKIP_INSTALL_RPATH:BOOL=NO

//If set, runtime paths are not added when using shared libraries.
CMAKE_SKIP_RPATH:BOOL=NO

//Flags used by the linker during the creation of static libraries
// during all build types.
CMAKE_STATIC_LINKER_FLAGS:STRING=

//Flags used by the linker during the creation of static libraries
// during DEBUG builds.
CMAKE_STATIC_LINKER_FLAGS_DEBUG:STRING=

//Flags used by the linker during the creation of static libraries
// during MINSIZEREL builds.
CMAKE_STATIC_LINKER_FLAGS_MINSIZEREL:STRING=

//Flags used by the linker during the creation of static libraries
// during RELEASE builds.
CMAKE_STATIC_LINKER_FLAGS_RELEASE:STRING=

//Flags used by the linker during the creation of static libraries
// during RELWITHDEBINFO builds.
CMAKE_STATIC_LINKER_FLAGS_RELWITHDEBINFO:STRING=

//Path to a program.
CMAKE_STRIP:FILEPATH=/Applications/Xcode.app/Contents/Developer/Toolchains/XcodeDefault.xctoolchain/usr/bin/strip

//Path to a program.
CMAKE_TAPI:FILEPATH=/Applications/Xcode.app/Contents/Developer/Toolchains/XcodeDefault.xctoolchain/usr/bin/tapi

//If this value is on, makefiles will be generated without the
// .SILENT directive, and all commands will be echoed to the console
// during the make.  This is useful for debugging only. With Visual
// Studio IDE projects all commands are done without /nologo.
CMAKE_VERBOSE_MAKEFILE:BOOL=FALSE

//Path to the coverage program that CTest uses for performing coverage
// inspection
COVERAGE_COMMAND:FILEPATH=/usr/bin/gcov

//Extra command line flags to pass to the coverage tool
COVERAGE_EXTRA_FLAGS:STRING=-l

//Enable to build OSX bundles
CPACK_BINARY_BUNDLE:BOOL=OFF

//Enable to build Debian packages
CPACK_BINARY_DEB:BOOL=OFF

//Enable to build OSX Drag And Drop package
CPACK_BINARY_DRAGNDROP:BOOL=OFF

//Enable to build FreeBSD packages
CPACK_BINARY_FREEBSD:BOOL=OFF

//Enable to build IFW packages
CPACK_BINARY_IFW:BOOL=OFF

//Enable to build NSIS packages
CPACK_BINARY_NSIS:BOOL=OFF

//Enable to build productbuild packages
CPACK_BINARY_PRODUCTBUILD:BOOL=OFF

//Enable to build RPM packages
CPACK_BINARY_RPM:BOOL=OFF

//Enable to build STGZ packages
CPACK_BINARY_STGZ:BOOL=ON

//Enable to build TBZ2 packages
CPACK_BINARY_TBZ2:BOOL=OFF

//Enable to build TGZ packages
CPACK_BINARY_TGZ:BOOL=ON

//Enable to build TXZ packages
CPACK_BINARY_TXZ:BOOL=OFF

//Enable to build RPM source packages
CPACK_SOURCE_RPM:BOOL=OFF

//Enable to build TBZ2 source packages
CPACK_SOURCE_TBZ2:BOOL=ON

//Enable to build TGZ source packages
CPACK_SOURCE_TGZ:BOOL=ON

//Enable to build TXZ source packages
CPACK_SOURCE_TXZ:BOOL=ON

//Enable to build TZ source packages
CPACK_SOURCE_TZ:BOOL=ON

//Enable to build ZIP source packages
CPACK_SOURCE_ZIP:BOOL=OFF

//How many times to retry timed-out CTest submissions.
CTEST_SUBMIT_RETRY_COUNT:STRING=3

//How long to wait between timed-out CTest submissions.
CTEST_SUBMIT_RETRY_DELAY:STRING=5

//Maximum time allowed before CTest will kill the test.
DART_TESTING_TIMEOUT:STRING=1500

//Path for the generated Doxygen documentation
DOXYGEN_OUTPUT_DIRECTORY:PATH=/Users/krishna/src/coding_challenges/cc1/wc/build/dev-darwin/docs

//Enable coverage support separate from CTest's
ENABLE_COVERAGE:BOOL=OFF

//Directory under which to collect all populated content
FETCHCONTENT_BASE_DIR:PATH=/Users/krishna/src/coding_challenges/cc1/wc/build/dev-darwin/_deps

//Disables all attempts to download or update content and assumes
// source dirs already exist
FETCHCONTENT_FULLY_DISCONNECTED:BOOL=OFF

//Enables QUIET option for all content population
FETCHCONTENT_QUIET:BOOL=ON

//When not empty, overrides where to find pre-populated content
// for mcss
FETCHCONTENT_SOURCE_DIR_MCSS:PATH=

//Enables UPDATE_DISCONNECTED behavior for all content population
FETCHCONTENT_UPDATES_DISCONNECTED:BOOL=OFF

//Enables UPDATE_DISCONNECTED behavior just for population of mcss
FETCHCONTENT_UPDATES_DISCONNECTED_MCSS:BOOL=OFF

//Formatter to use
FORMAT_COMMAND:STRING=clang-format

//; separated patterns relative to the project src dir to format
FORMAT_PATTERNS:STRING=src/*.cpp;src/*.hpp;include/*.hpp;test/*.cpp;test/*.hpp

//Path to a program.
GITCOMMAND:FILEPATH=/usr/bin/git

//Command to build the project
MAKECOMMAND:STRING=/usr/local/Cellar/cmake/3.30.2/bin/cmake --build . --config "${CTEST_CONFIGURATION_TYPE}"

//Path to the memory checking command, used for memory error detection.
MEMORYCHECK_COMMAND:FILEPATH=MEMORYCHECK_COMMAND-NOTFOUND

//File that contains suppressions for the memory checker
MEMORYCHECK_SUPPRESSIONS_FILE:FILEPATH=

//Name of the computer/site where compile is being run
SITE:STRING=Apples-MacBook-Pro.local

//Spell checker to use
SPELL_COMMAND:STRING=codespell

//The directory containing a CMake configuration file for boost_headers.
boost_headers_DIR:PATH=/usr/local/lib/cmake/boost_headers-1.85.0

//The directory containing a CMake configuration file for boost_program_options.
boost_program_options_DIR:PATH=/usr/local/lib/cmake/boost_program_options-1.85.0

//Value Computed by CMake
wcTests_BINARY_DIR:STATIC=/Users/krishna/src/coding_challenges/cc1/wc/build/dev-darwin/test

//Value Computed by CMake
wcTests_IS_TOP_LEVEL:STATIC=OFF

//Value Computed by CMake
wcTests_SOURCE_DIR:STATIC=/Users/krishna/src/coding_challenges/cc1/wc/test

//Value Computed by CMake
wc_BINARY_DIR:STATIC=/Users/krishna/src/coding_challenges/cc1/wc/build/dev-darwin

//Enable developer mode
wc_DEVELOPER_MODE:BOOL=ON

//Value Computed by CMake
wc_IS_TOP_LEVEL:STATIC=ON

//Value Computed by CMake
wc_SOURCE_DIR:STATIC=/Users/krishna/src/coding_challenges/cc1/wc


########################
# INTERNAL cache entries
########################

//ADVANCED property for variable: CMAKE_ADDR2LINE
CMAKE_ADDR2LINE-ADVANCED:INTERNAL=1
//ADVANCED property for variable: CMAKE_AR
CMAKE_AR-ADVANCED:INTERNAL=1
//This is the directory where this CMakeCache.txt was created
CMAKE_CACHEFILE_DIR:INTERNAL=/Users/krishna/src/coding_challenges/cc1/wc/build/dev-darwin
//Major version of cmake used to create the current loaded cache
CMAKE_CACHE_MAJOR_VERSION:INTERNAL=3
//Minor version of cmake used to create the current loaded cache
CMAKE_CACHE_MINOR_VERSION:INTERNAL=30
//Patch version of cmake used to create the current loaded cache
CMAKE_CACHE_PATCH_VERSION:INTERNAL=2
//Path to CMake executable.
CMAKE_COMMAND:INTERNAL=/usr/local/Cellar/cmake/3.30.2/bin/cmake
//Path to cpack program executable.
CMAKE_CPACK_COMMAND:INTERNAL=/usr/local/Cellar/cmake/3.30.2/bin/cpack
//ADVANCED property for variable: CMAKE_CTEST_COMMAND
CMAKE_CTEST_COMMAND-ADVANCED:INTERNAL=1
//Path to ctest program executable.
CMAKE_CTEST_COMMAND:INTERNAL=/usr/local/Cellar/cmake/3.30.2/bin/ctest
//ADVANCED property for variable: CMAKE_CXX_COMPILER
CMAKE_CXX_COMPILER-ADVANCED:INTERNAL=1
//ADVANCED property for variable: CMAKE_CXX_FLAGS
CMAKE_CXX_FLAGS-ADVANCED:INTERNAL=1
//ADVANCED property for variable: CMAKE_CXX_FLAGS_DEBUG
CMAKE_CXX_FLAGS_DEBUG-ADVANCED:INTERNAL=1
//ADVANCED property for variable: CMAKE_CXX_FLAGS_MINSIZEREL
CMAKE_CXX_FLAGS_MINSIZEREL-ADVANCED:INTERNAL=1
//ADVANCED property for variable: CMAKE_CXX_FLAGS_RELEASE
CMAKE_CXX_FLAGS_RELEASE-ADVANCED:INTERNAL=1
//ADVANCED property for variable: CMAKE_CXX_FLAGS_RELWITHDEBINFO
CMAKE_CXX_FLAGS_RELWITHDEBINFO-ADVANCED:INTERNAL=1
//ADVANCED property for variable: CMAKE_DLLTOOL
CMAKE_DLLTOOL-ADVANCED:INTERNAL=1
//Path to cache edit program executable.
CMAKE_EDIT_COMMAND:INTERNAL=/usr/local/Cellar/cmake/3.30.2/bin/ccmake
//Whether to issue deprecation errors for macros and functions.
CMAKE_ERROR_DEPRECATED:INTERNAL=TRUE
//Executable file format
CMAKE_EXECUTABLE_FORMAT:INTERNAL=MACHO
//ADVANCED property for variable: CMAKE_EXE_LINKER_FLAGS
CMAKE_EXE_LINKER_FLAGS-ADVANCED:INTERNAL=1
//ADVANCED property for variable: CMAKE_EXE_LINKER_FLAGS_DEBUG
CMAKE_EXE_LINKER_FLAGS_DEBUG-ADVANCED:INTERNAL=1
//ADVANCED property for variable: CMAKE_EXE_LINKER_FLAGS_MINSIZEREL
CMAKE_EXE_LINKER_FLAGS_MINSIZEREL-ADVANCED:INTERNAL=1
//ADVANCED property for variable: CMAKE_EXE_LINKER_FLAGS_RELEASE
CMAKE_EXE_LINKER_FLAGS_RELEASE-ADVANCED:INTERNAL=1
//ADVANCED property for variable: CMAKE_EXE_LINKER_FLAGS_RELWITHDEBINFO
CMAKE_EXE_LINKER_FLAGS_RELWITHDEBINFO-ADVANCED:INTERNAL=1
//ADVANCED property for variable: CMAKE_EXPORT_COMPILE_COMMANDS
CMAKE_EXPORT_COMPILE_COMMANDS-ADVANCED:INTERNAL=1
//Name of external makefile project generator.
CMAKE_EXTRA_GENERATOR:INTERNAL=
//Name of generator.
CMAKE_GENERATOR:INTERNAL=Ninja
//Generator instance identifier.
CMAKE_GENERATOR_INSTANCE:INTERNAL=
//Name of generator platform.
CMAKE_GENERATOR_PLATFORM:INTERNAL=
//Name of generator toolset.
CMAKE_GENERATOR_TOOLSET:INTERNAL=
//Source directory with the top level CMakeLists.txt file for this
// project
CMAKE_HOME_DIRECTORY:INTERNAL=/Users/krishna/src/coding_challenges/cc1/wc
//ADVANCED property for variable: CMAKE_INSTALL_NAME_TOOL
CMAKE_INSTALL_NAME_TOOL-ADVANCED:INTERNAL=1
//ADVANCED property for variable: CMAKE_LINKER
CMAKE_LINKER-ADVANCED:INTERNAL=1
//ADVANCED property for variable: CMAKE_MAKE_PROGRAM
CMAKE_MAKE_PROGRAM-ADVANCED:INTERNAL=1
//ADVANCED property for variable: CMAKE_MODULE_LINKER_FLAGS
CMAKE_MODULE_LINKER_FLAGS-ADVANCED:INTERNAL=1
//ADVANCED property for variable: CMAKE_MODULE_LINKER_FLAGS_DEBUG
CMAKE_MODULE_LINKER_FLAGS_DEBUG-ADVANCED:INTERNAL=1
//ADVANCED property for variable: CMAKE_MODULE_LINKER_FLAGS_MINSIZEREL
CMAKE_MODULE_LINKER_FLAGS_MINSIZEREL-ADVANCED:INTERNAL=1
//ADVANCED property for variable: CMAKE_MODULE_LINKER_FLAGS_RELEASE
CMAKE_MODULE_LINKER_FLAGS_RELEASE-ADVANCED:INTERNAL=1
//ADVANCED property for variable: CMAKE_MODULE_LINKER_FLAGS_RELWITHDEBINFO
CMAKE_MODULE_LINKER_FLAGS_RELWITHDEBINFO-ADVANCED:INTERNAL=1
//ADVANCED property for variable: CMAKE_NM
CMAKE_NM-ADVANCED:INTERNAL=1
//number of local generators
CMAKE_NUMBER_OF_MAKEFILES:INTERNAL=2
//ADVANCED property for variable: CMAKE_OBJCOPY
CMAKE_OBJCOPY-ADVANCED:INTERNAL=1
//ADVANCED property for variable: CMAKE_OBJDUMP
CMAKE_OBJDUMP-ADVANCED:INTERNAL=1
//Platform information initialized
CMAKE_PLATFORM_INFO_INITIALIZED:INTERNAL=1
//ADVANCED property for variable: CMAKE_RANLIB
CMAKE_RANLIB-ADVANCED:INTERNAL=1
//ADVANCED property for variable: CMAKE_READELF
CMAKE_READELF-ADVANCED:INTERNAL=1
//Path to CMake installation.
CMAKE_ROOT:INTERNAL=/usr/local/Cellar/cmake/3.30.2/share/cmake
//ADVANCED property for variable: CMAKE_SHARED_LINKER_FLAGS
CMAKE_SHARED_LINKER_FLAGS-ADVANCED:INTERNAL=1
//ADVANCED property for variable: CMAKE_SHARED_LINKER_FLAGS_DEBUG
CMAKE_SHARED_LINKER_FLAGS_DEBUG-ADVANCED:INTERNAL=1
//ADVANCED property for variable: CMAKE_SHARED_LINKER_FLAGS_MINSIZEREL
CMAKE_SHARED_LINKER_FLAGS_MINSIZEREL-ADVANCED:INTERNAL=1
//ADVANCED property for variable: CMAKE_SHARED_LINKER_FLAGS_RELEASE
CMAKE_SHARED_LINKER_FLAGS_RELEASE-ADVANCED:INTERNAL=1
//ADVANCED property for variable: CMAKE_SHARED_LINKER_FLAGS_RELWITHDEBINFO
CMAKE_SHARED_LINKER_FLAGS_RELWITHDEBINFO-ADVANCED:INTERNAL=1
//ADVANCED property for variable: CMAKE_SKIP_INSTALL_RPATH
CMAKE_SKIP_INSTALL_RPATH-ADVANCED:INTERNAL=1
//ADVANCED property for variable: CMAKE_SKIP_RPATH
CMAKE_SKIP_RPATH-ADVANCED:INTERNAL=1
//ADVANCED property for variable: CMAKE_STATIC_LINKER_FLAGS
CMAKE_STATIC_LINKER_FLAGS-ADVANCED:INTERNAL=1
//ADVANCED property for variable: CMAKE_STATIC_LINKER_FLAGS_DEBUG
CMAKE_STATIC_LINKER_FLAGS_DEBUG-ADVANCED:INTERNAL=1
//ADVANCED property for variable: CMAKE_STATIC_LINKER_FLAGS_MINSIZEREL
CMAKE_STATIC_LINKER_FLAGS_MINSIZEREL-ADVANCED:INTERNAL=1
//ADVANCED property for variable: CMAKE_STATIC_LINKER_FLAGS_RELEASE
CMAKE_STATIC_LINKER_FLAGS_RELEASE-ADVANCED:INTERNAL=1
//ADVANCED property for variable: CMAKE_STATIC_LINKER_FLAGS_RELWITHDEBINFO
CMAKE_STATIC_LINKER_FLAGS_RELWITHDEBINFO-ADVANCED:INTERNAL=1
//ADVANCED property for variable: CMAKE_STRIP
CMAKE_STRIP-ADVANCED:INTERNAL=1
//Suppress errors that are meant for the author of the CMakeLists.txt
// files.
CMAKE_SUPPRESS_DEVELOPER_ERRORS:INTERNAL=FALSE
//Suppress Warnings that are meant for the author of the CMakeLists.txt
// files.
CMAKE_SUPPRESS_DEVELOPER_WARNINGS:INTERNAL=FALSE
//ADVANCED property for variable: CMAKE_TAPI
CMAKE_TAPI-ADVANCED:INTERNAL=1
//uname command
CMAKE_UNAME:INTERNAL=/usr/bin/uname
//ADVANCED property for variable: CMAKE_VERBOSE_MAKEFILE
CMAKE_VERBOSE_MAKEFILE-ADVANCED:INTERNAL=1
//Whether to issue warnings for deprecated functionality.
CMAKE_WARN_DEPRECATED:INTERNAL=TRUE
//ADVANCED property for variable: COVERAGE_COMMAND
COVERAGE_COMMAND-ADVANCED:INTERNAL=1
//ADVANCED property for variable: COVERAGE_EXTRA_FLAGS
COVERAGE_EXTRA_FLAGS-ADVANCED:INTERNAL=1
//ADVANCED property for variable: CPACK_BINARY_BUNDLE
CPACK_BINARY_BUNDLE-ADVANCED:INTERNAL=1
//ADVANCED property for variable: CPACK_BINARY_DEB
CPACK_BINARY_DEB-ADVANCED:INTERNAL=1
//ADVANCED property for variable: CPACK_BINARY_DRAGNDROP
CPACK_BINARY_DRAGNDROP-ADVANCED:INTERNAL=1
//ADVANCED property for variable: CPACK_BINARY_FREEBSD
CPACK_BINARY_FREEBSD-ADVANCED:INTERNAL=1
//ADVANCED property for variable: CPACK_BINARY_IFW
CPACK_BINARY_IFW-ADVANCED:INTERNAL=1
//ADVANCED property for variable: CPACK_BINARY_NSIS
CPACK_BINARY_NSIS-ADVANCED:INTERNAL=1
//ADVANCED property for variable: CPACK_BINARY_PRODUCTBUILD
CPACK_BINARY_PRODUCTBUILD-ADVANCED:INTERNAL=1
//ADVANCED property for variable: CPACK_BINARY_RPM
CPACK_BINARY_RPM-ADVANCED:INTERNAL=1
//ADVANCED property for variable: CPACK_BINARY_STGZ
CPACK_BINARY_STGZ-ADVANCED:INTERNAL=1
//ADVANCED property for variable: CPACK_BINARY_TBZ2
CPACK_BINARY_TBZ2-ADVANCED:INTERNAL=1
//ADVANCED property for variable: CPACK_BINARY_TGZ
CPACK_BINARY_TGZ-ADVANCED:INTERNAL=1
//ADVANCED property for variable: CPACK_BINARY_TXZ
CPACK_BINARY_TXZ-ADVANCED:INTERNAL=1
//ADVANCED property for variable: CPACK_SOURCE_RPM
CPACK_SOURCE_RPM-ADVANCED:INTERNAL=1
//ADVANCED property for variable: CPACK_SOURCE_TBZ2
CPACK_SOURCE_TBZ2-ADVANCED:INTERNAL=1
//ADVANCED property for variable: CPACK_SOURCE_TGZ
CPACK_SOURCE_TGZ-ADVANCED:INTERNAL=1
//ADVANCED property for variable: CPACK_SOURCE_TXZ
CPACK_SOURCE_TXZ-ADVANCED:INTERNAL=1
//ADVANCED property for variable: CPACK_SOURCE_TZ
CPACK_SOURCE_TZ-ADVANCED:INTERNAL=1
//ADVANCED property for variable: CPACK_SOURCE_ZIP
CPACK_SOURCE_ZIP-ADVANCED:INTERNAL=1
//ADVANCED property for variable: CTEST_SUBMIT_RETRY_COUNT
CTEST_SUBMIT_RETRY_COUNT-ADVANCED:INTERNAL=1
//ADVANCED property for variable: CTEST_SUBMIT_RETRY_DELAY
CTEST_SUBMIT_RETRY_DELAY-ADVANCED:INTERNAL=1
//ADVANCED property for variable: DART_TESTING_TIMEOUT
DART_TESTING_TIMEOUT-ADVANCED:INTERNAL=1
//Details about finding Python3
FIND_PACKAGE_MESSAGE_DETAILS_Python3:INTERNAL=[/usr/local/Frameworks/Python.framework/Versions/3.12/bin/python3.12][cfound components: Interpreter ][v3.12.5(3.6)]
//ADVANCED property for variable: GITCOMMAND
GITCOMMAND-ADVANCED:INTERNAL=1
//ADVANCED property for variable: MAKECOMMAND
MAKECOMMAND-ADVANCED:INTERNAL=1
//ADVANCED property for variable: MEMORYCHECK_COMMAND
MEMORYCHECK_COMMAND-ADVANCED:INTERNAL=1
//ADVANCED property for variable: MEMORYCHECK_SUPPRESSIONS_FILE
MEMORYCHECK_SUPPRESSIONS_FILE-ADVANCED:INTERNAL=1
//ADVANCED property for variable: SITE
SITE-ADVANCED:INTERNAL=1
//Compiler reason failure
_Python3_Compiler_REASON_FAILURE:INTERNAL=
//Development reason failure
_Python3_Development_REASON_FAILURE:INTERNAL=
//Path to a program.
_Python3_EXECUTABLE:INTERNAL=/usr/local/Frameworks/Python.framework/Versions/3.12/bin/python3.12
//Python3 Properties
_Python3_INTERPRETER_PROPERTIES:INTERNAL=Python;3;12;5;64;32;<none>;cpython-312-darwin;abi3;/usr/local/opt/python@3.12/Frameworks/Python.framework/Versions/3.12/lib/python3.12;/usr/local/opt/python@3.12/Frameworks/Python.framework/Versions/3.12/lib/python3.12;/usr/local/lib/python3.12/site-packages;/usr/local/lib/python3.12/site-packages
_Python3_INTERPRETER_SIGNATURE:INTERNAL=19b9db9a0d79df1bed9ad98bfb34a966
//NumPy reason failure
_Python3_NumPy_REASON_FAILURE:INTERNAL=
//ADVANCED property for variable: boost_headers_DIR
boost_headers_DIR-ADVANCED:INTERNAL=1
//ADVANCED property for variable: boost_program_options_DIR
boost_program_options_DIR-ADVANCED:INTERNAL=1

